<?xml version="1.0" encoding="UTF-8"?>
<testsuite xmlns:xsi="http://www.w3.org/2001/XMLSchema-instance" xsi:noNamespaceSchemaLocation="https://maven.apache.org/surefire/maven-surefire-plugin/xsd/surefire-test-report.xsd" name="TestSNT" time="0.126" tests="14" errors="0" skipped="0" failures="0">
  <properties>
[...]
</properties>
  <testcase name="testException" classname="TestSNT" time="0.019"/>
  <testcase name="testAllValue{int, boolean, String}[1]" classname="TestSNT" time="0.019"/>
  <testcase name="testAllValue{int, boolean, String}[2]" classname="TestSNT" time="0.001"/>
  <testcase name="testAllValue{int, boolean, String}[3]" classname="TestSNT" time="0.001"/>
  <testcase name="testFile{int, boolean, String}[1]" classname="TestSNT" time="0.001"/>
  <testcase name="testFile{int, boolean, String}[2]" classname="TestSNT" time="0"/>
  <testcase name="testFile{int, boolean, String}[3]" classname="TestSNT" time="0.001"/>
  <testcase name="testSoLe" classname="TestSNT" time="0"/>
  <testcase name="testTrue{int}[1]" classname="TestSNT" time="0.001"/>
  <testcase name="testTrue{int}[2]" classname="TestSNT" time="0"/>
  <testcase name="testTrue{int}[3]" classname="TestSNT" time="0.001"/>
  <testcase name="testTrue{int}[4]" classname="TestSNT" time="0.001"/>
  <testcase name="testTrue{int}[5]" classname="TestSNT" time="0.001"/>
  <testcase name="testSoChan" classname="TestSNT" time="0.001"/>
</testsuite>